293	0.000000	0/朱水珍_40005_0.852537.jpg
475	0.000000	0/胡瑞昌1_10005_0.889635.jpg
622	0.000000	0/蒋楚荞1_20003_0.871916.jpg
306	0.000000	0/朱水珍_40007_0.766695.jpg
408	0.000000	0/洪柏祥_40005_0.956282.jpg
539	0.000000	0/胡瑞昌3_20003_0.612422.jpg
154	0.000000	0/张熠2_20006_0.858316.jpg
924	1.000000	1/胡瑞昌1_10005_0.846912.jpg
163	0.000000	0/张熠2_20007_0.88431.jpg
542	0.000000	0/胡瑞昌3_20003_0.79488.jpg
165	0.000000	0/张熠2_20008_0.660003.jpg
137	0.000000	0/张熠2_20003_0.89587.jpg
167	0.000000	0/张熠2_20008_0.715811.jpg
100	0.000000	0/张晶鑫1_20005_0.773507.jpg
829	1.000000	1/张熠_20005_0.6603.jpg
582	0.000000	0/胡瑞昌_20004_0.8443.jpg
897	1.000000	1/洪柏祥_40003_0.739083.jpg
884	1.000000	1/毛满娣_20008_0.560313.jpg
131	0.000000	0/张熠2_20002_0.860244.jpg
354	0.000000	0/洪柏祥1_40002_0.900919.jpg
65	0.000000	0/俞维龙2_20010_0.516746.jpg
777	1.000000	1/俞维龙_20007_0.878332.jpg
340	0.000000	0/毛满娣_20006_0.850602.jpg
886	1.000000	1/洪柏祥1_40004_0.85177.jpg
110	0.000000	0/张晶鑫_20003_0.736475.jpg
572	0.000000	0/胡瑞昌3_20008_0.848912.jpg
381	0.000000	0/洪柏祥1_40008_0.954971.jpg
223	0.000000	0/方乔石_10010_0.647799.jpg
263	0.000000	0/曹连娣_10008_0.725005.jpg
471	0.000000	0/胡瑞昌1_10004_0.892302.jpg
380	0.000000	0/洪柏祥1_40008_0.906442.jpg
439	0.000000	0/王存高_20005_0.563169.jpg
958	1.000000	1/胡瑞昌_20007_0.771492.jpg
61	0.000000	0/俞维龙2_20008_0.839318.jpg
347	0.000000	0/毛满娣_20008_0.784956.jpg
104	0.000000	0/张晶鑫1_20006_0.839799.jpg
978	1.000000	1/蒋楚荞1_20006_0.697432.jpg
918	1.000000	1/胡瑞昌1_10002_0.563082.jpg
120	0.000000	0/张晶鑫_20006_0.846964.jpg
584	0.000000	0/胡瑞昌_20004_0.903767.jpg
840	1.000000	1/方乔石_10006_0.870667.jpg
866	1.000000	1/朱水珍_40006_0.888653.jpg
290	0.000000	0/朱水珍_40005_0.745178.jpg
975	1.000000	1/蒋楚荞1_20006_0.565949.jpg
501	0.000000	0/胡瑞昌1_10009_0.525472.jpg
772	1.000000	1/俞维龙_20003_0.510944.jpg
594	0.000000	0/胡瑞昌_20006_0.505468.jpg
310	0.000000	0/朱水珍_40008_0.685549.jpg
1013	1.000000	1/袁式康_40011_0.633929.jpg
133	0.000000	0/张熠2_20003_0.792688.jpg
767	1.000000	1/俞维龙2_20009_0.756495.jpg
651	0.000000	0/蒋楚荞_10004_0.684378.jpg
335	0.000000	0/毛满娣_20005_0.832931.jpg
532	0.000000	0/胡瑞昌2_20006_0.891171.jpg
240	0.000000	0/曹连娣_10005_0.575141.jpg
547	0.000000	0/胡瑞昌3_20004_0.891125.jpg
575	0.000000	0/胡瑞昌_20003_0.812197.jpg
437	0.000000	0/王存高_20004_0.847656.jpg
660	0.000000	0/蒋楚荞_10005_0.76859.jpg
538	0.000000	0/胡瑞昌3_20002_0.720534.jpg
864	1.000000	1/朱水珍_40005_0.854785.jpg
703	0.000000	0/郑光贤_20003_0.779014.jpg
746	1.000000	1/俞维龙1_20008_0.793117.jpg
997	1.000000	1/蒋楚荞_10006_0.761361.jpg
782	1.000000	1/张晶鑫1_20001_0.525526.jpg
834	1.000000	1/方乔石_10003_0.807672.jpg
45	0.000000	0/俞维龙2_20003_0.923083.jpg
33	0.000000	0/俞维龙1_20008_0.684124.jpg
1024	1.000000	1/郑光贤_20006_0.772609.jpg
565	0.000000	0/胡瑞昌3_20007_0.777344.jpg
631	0.000000	0/蒋楚荞1_20005_0.936175.jpg
890	1.000000	1/洪柏祥1_40006_0.940519.jpg
895	1.000000	1/洪柏祥_40001_0.679352.jpg
801	1.000000	1/张晶鑫_20003_0.724286.jpg
554	0.000000	0/胡瑞昌3_20005_0.863211.jpg
368	0.000000	0/洪柏祥1_40005_0.872738.jpg
377	0.000000	0/洪柏祥1_40007_0.976932.jpg
175	0.000000	0/张熠_20004_0.826211.jpg
639	0.000000	0/蒋楚荞1_20007_0.924123.jpg
69	0.000000	0/俞维龙_20002_0.804987.jpg
329	0.000000	0/毛满娣_20003_0.871935.jpg
385	0.000000	0/洪柏祥1_40009_0.789752.jpg
362	0.000000	0/洪柏祥1_40004_0.616218.jpg
916	1.000000	1/王存高_20007_0.737831.jpg
902	1.000000	1/洪柏祥_40005_0.876807.jpg
132	0.000000	0/张熠2_20003_0.626835.jpg
925	1.000000	1/胡瑞昌1_10006_0.800358.jpg
588	0.000000	0/胡瑞昌_20005_0.642266.jpg
32	0.000000	0/俞维龙1_20007_0.904167.jpg
470	0.000000	0/胡瑞昌1_10004_0.865636.jpg
875	1.000000	1/朱水珍_40010_0.649404.jpg
98	0.000000	0/张晶鑫1_20005_0.547749.jpg
670	0.000000	0/蒋楚荞_10006_0.911433.jpg
627	0.000000	0/蒋楚荞1_20004_0.922455.jpg
177	0.000000	0/张熠_20004_0.90331.jpg
387	0.000000	0/洪柏祥1_40009_0.936207.jpg
799	1.000000	1/张晶鑫_20003_0.607289.jpg
337	0.000000	0/毛满娣_20005_0.89781.jpg
677	0.000000	0/袁式康_40001_0.685264.jpg
851	1.000000	1/方乔石_10010_0.812416.jpg
1017	1.000000	1/郑光贤_20002_0.76703.jpg
423	0.000000	0/洪柏祥_40010_0.680595.jpg
514	0.000000	0/胡瑞昌2_20004_0.595043.jpg
610	0.000000	0/胡瑞昌_20008_0.844849.jpg
57	0.000000	0/俞维龙2_20007_0.708834.jpg
27	0.000000	0/俞维龙1_20007_0.795145.jpg
94	0.000000	0/张晶鑫1_20004_0.575634.jpg
988	1.000000	1/蒋楚荞1_20009_0.686468.jpg
589	0.000000	0/胡瑞昌_20005_0.703855.jpg
280	0.000000	0/朱水珍_40004_0.539297.jpg
608	0.000000	0/胡瑞昌_20008_0.679483.jpg
484	0.000000	0/胡瑞昌1_10006_0.893359.jpg
929	1.000000	1/胡瑞昌1_10008_0.845316.jpg
24	0.000000	0/俞维龙1_20006_0.894162.jpg
231	0.000000	0/曹连娣_10004_0.591064.jpg
570	0.000000	0/胡瑞昌3_20008_0.691548.jpg
67	0.000000	0/俞维龙_20001_0.531721.jpg
751	1.000000	1/俞维龙2_20001_0.539231.jpg
760	1.000000	1/俞维龙2_20005_0.541115.jpg
392	0.000000	0/洪柏祥_40001_0.674166.jpg
309	0.000000	0/朱水珍_40007_0.909007.jpg
278	0.000000	0/朱水珍_40003_0.911805.jpg
695	0.000000	0/袁式康_40010_0.748273.jpg
152	0.000000	0/张熠2_20006_0.80511.jpg
255	0.000000	0/曹连娣_10007_0.558487.jpg
1003	1.000000	1/蒋楚荞_10007_0.796739.jpg
353	0.000000	0/洪柏祥1_40002_0.803404.jpg
432	0.000000	0/王存高_20003_0.756117.jpg
303	0.000000	0/朱水珍_40007_0.501911.jpg
563	0.000000	0/胡瑞昌3_20007_0.709223.jpg
830	1.000000	1/张熠_20006_0.776969.jpg
256	0.000000	0/曹连娣_10007_0.726627.jpg
491	0.000000	0/胡瑞昌1_10007_0.846345.jpg
1	0.000000	0/俞维龙1_20002_0.646745.jpg
403	0.000000	0/洪柏祥_40004_0.954673.jpg
838	1.000000	1/方乔石_10005_0.890769.jpg
795	1.000000	1/张晶鑫1_20006_0.628757.jpg
954	1.000000	1/胡瑞昌_20005_0.728667.jpg
966	1.000000	1/蒋楚荞1_20004_0.709107.jpg
77	0.000000	0/俞维龙_20004_0.876822.jpg
324	0.000000	0/毛满娣_20001_0.865685.jpg
910	1.000000	1/洪柏祥_40010_0.721962.jpg
523	0.000000	0/胡瑞昌2_20005_0.861794.jpg
1009	1.000000	1/袁式康_40009_0.858259.jpg
276	0.000000	0/朱水珍_40003_0.860414.jpg
714	0.000000	0/郑光贤_20005_0.902332.jpg
220	0.000000	0/方乔石_10008_0.922777.jpg
289	0.000000	0/朱水珍_40005_0.636016.jpg
84	0.000000	0/俞维龙_20009_0.789307.jpg
591	0.000000	0/胡瑞昌_20005_0.892904.jpg
856	1.000000	1/曹连娣_10006_0.58072.jpg
1010	1.000000	1/袁式康_40009_0.880164.jpg
424	0.000000	0/洪柏祥_40010_0.690707.jpg
349	0.000000	0/洪柏祥1_40001_0.538397.jpg
696	0.000000	0/郑光贤_20001_0.819765.jpg
984	1.000000	1/蒋楚荞1_20007_0.883945.jpg
607	0.000000	0/胡瑞昌_20007_0.953977.jpg
395	0.000000	0/洪柏祥_40002_0.763317.jpg
201	0.000000	0/张熠_20008_0.857225.jpg
683	0.000000	0/袁式康_40003_0.803569.jpg
951	1.000000	1/胡瑞昌_20003_0.535021.jpg
18	0.000000	0/俞维龙1_20005_0.915399.jpg
431	0.000000	0/王存高_20003_0.708408.jpg
719	0.000000	0/郑光贤_20007_0.588952.jpg
54	0.000000	0/俞维龙2_20006_0.798529.jpg
865	1.000000	1/朱水珍_40006_0.869394.jpg
1011	1.000000	1/袁式康_40010_0.833389.jpg
857	1.000000	1/曹连娣_10008_0.513997.jpg
814	1.000000	1/张熠1_10002_0.607421.jpg
980	1.000000	1/蒋楚荞1_20006_0.905284.jpg
373	0.000000	0/洪柏祥1_40006_0.976499.jpg
878	1.000000	1/毛满娣_20004_0.700752.jpg
428	0.000000	0/王存高_20002_0.619095.jpg
987	1.000000	1/蒋楚荞1_20009_0.53179.jpg
797	1.000000	1/张晶鑫1_20008_0.820242.jpg
996	1.000000	1/蒋楚荞_10006_0.644946.jpg
450	0.000000	0/王存高_20006_0.692652.jpg
227	0.000000	0/曹连娣_10003_0.642819.jpg
788	1.000000	1/张晶鑫1_20004_0.665766.jpg
559	0.000000	0/胡瑞昌3_20006_0.856765.jpg
449	0.000000	0/王存高_20006_0.685261.jpg
181	0.000000	0/张熠_20005_0.825213.jpg
586	0.000000	0/胡瑞昌_20004_0.954244.jpg
170	0.000000	0/张熠_20003_0.679819.jpg
212	0.000000	0/方乔石_10004_0.925911.jpg
438	0.000000	0/王存高_20005_0.534549.jpg
549	0.000000	0/胡瑞昌3_20004_0.920102.jpg
243	0.000000	0/曹连娣_10005_0.785718.jpg
556	0.000000	0/胡瑞昌3_20006_0.736562.jpg
883	1.000000	1/毛满娣_20007_0.655972.jpg
973	1.000000	1/蒋楚荞1_20005_0.788954.jpg
652	0.000000	0/蒋楚荞_10004_0.709737.jpg
66	0.000000	0/俞维龙2_20010_0.61904.jpg
211	0.000000	0/方乔石_10004_0.92333.jpg
369	0.000000	0/洪柏祥1_40005_0.958584.jpg
945	1.000000	1/胡瑞昌3_20005_0.675705.jpg
339	0.000000	0/毛满娣_20006_0.841823.jpg
462	0.000000	0/王存高_20008_0.595226.jpg
879	1.000000	1/毛满娣_20005_0.751009.jpg
508	0.000000	0/胡瑞昌2_20003_0.756688.jpg
682	0.000000	0/袁式康_40003_0.732941.jpg
291	0.000000	0/朱水珍_40005_0.758987.jpg
342	0.000000	0/毛满娣_20007_0.827347.jpg
810	1.000000	1/张晶鑫_20007_0.605932.jpg
688	0.000000	0/袁式康_40009_0.795908.jpg
1020	1.000000	1/郑光贤_20003_0.76991.jpg
376	0.000000	0/洪柏祥1_40007_0.886638.jpg
928	1.000000	1/胡瑞昌1_10008_0.681146.jpg
192	0.000000	0/张熠_20007_0.720403.jpg
790	1.000000	1/张晶鑫1_20004_0.675761.jpg
499	0.000000	0/胡瑞昌1_10008_0.906824.jpg
86	0.000000	0/俞维龙_20009_0.839592.jpg
400	0.000000	0/洪柏祥_40003_0.963898.jpg
858	1.000000	1/朱水珍_40002_0.738159.jpg
493	0.000000	0/胡瑞昌1_10007_0.896687.jpg
225	0.000000	0/曹连娣_10003_0.503436.jpg
891	1.000000	1/洪柏祥1_40007_0.936705.jpg
185	0.000000	0/张熠_20006_0.57339.jpg
111	0.000000	0/张晶鑫_20003_0.764301.jpg
822	1.000000	1/张熠2_20007_0.689818.jpg
791	1.000000	1/张晶鑫1_20005_0.578234.jpg
768	1.000000	1/俞维龙2_20009_0.885149.jpg
813	1.000000	1/张熠1_10002_0.533064.jpg
783	1.000000	1/张晶鑫1_20002_0.613387.jpg
134	0.000000	0/张熠2_20003_0.842749.jpg
1026	1.000000	1/郑光贤_20007_0.809479.jpg
517	0.000000	0/胡瑞昌2_20004_0.882206.jpg
806	1.000000	1/张晶鑫_20006_0.507639.jpg
736	1.000000	1/俞维龙1_20004_0.658453.jpg
721	0.000000	0/郑光贤_20007_0.921599.jpg
8	0.000000	0/俞维龙1_20004_0.611967.jpg
236	0.000000	0/曹连娣_10004_0.833593.jpg
434	0.000000	0/王存高_20004_0.683303.jpg
1000	1.000000	1/蒋楚荞_10007_0.607165.jpg
189	0.000000	0/张熠_20006_0.924778.jpg
503	0.000000	0/胡瑞昌1_10009_0.865298.jpg
500	0.000000	0/胡瑞昌1_10008_0.907785.jpg
649	0.000000	0/蒋楚荞_10004_0.607056.jpg
776	1.000000	1/俞维龙_20007_0.773377.jpg
6	0.000000	0/俞维龙1_20003_0.879038.jpg
578	0.000000	0/胡瑞昌_20003_0.95964.jpg
370	0.000000	0/洪柏祥1_40006_0.541209.jpg
690	0.000000	0/袁式康_40009_0.894834.jpg
249	0.000000	0/曹连娣_10006_0.5861.jpg
789	1.000000	1/张晶鑫1_20004_0.671516.jpg
938	1.000000	1/胡瑞昌2_20006_0.749252.jpg
650	0.000000	0/蒋楚荞_10004_0.64421.jpg
993	1.000000	1/蒋楚荞_10005_0.678105.jpg
753	1.000000	1/俞维龙2_20001_0.754756.jpg
186	0.000000	0/张熠_20006_0.735297.jpg
140	0.000000	0/张熠2_20004_0.859858.jpg
528	0.000000	0/胡瑞昌2_20006_0.632785.jpg
445	0.000000	0/王存高_20006_0.516855.jpg
995	1.000000	1/蒋楚荞_10005_0.764527.jpg
299	0.000000	0/朱水珍_40006_0.741424.jpg
759	1.000000	1/俞维龙2_20004_0.769706.jpg
548	0.000000	0/胡瑞昌3_20004_0.907533.jpg
962	1.000000	1/蒋楚荞1_20003_0.645317.jpg
566	0.000000	0/胡瑞昌3_20007_0.875943.jpg
478	0.000000	0/胡瑞昌1_10005_0.909248.jpg
36	0.000000	0/俞维龙1_20008_0.79599.jpg
816	1.000000	1/张熠2_20002_0.673292.jpg
684	0.000000	0/袁式康_40003_0.885835.jpg
247	0.000000	0/曹连娣_10006_0.517874.jpg
31	0.000000	0/俞维龙1_20007_0.878574.jpg
87	0.000000	0/张晶鑫1_20001_0.61192.jpg
102	0.000000	0/张晶鑫1_20006_0.67656.jpg
482	0.000000	0/胡瑞昌1_10006_0.866427.jpg
784	1.000000	1/张晶鑫1_20002_0.645112.jpg
464	0.000000	0/胡瑞昌1_10003_0.705761.jpg
273	0.000000	0/朱水珍_40003_0.668844.jpg
442	0.000000	0/王存高_20005_0.661764.jpg
497	0.000000	0/胡瑞昌1_10008_0.772176.jpg
60	0.000000	0/俞维龙2_20008_0.838776.jpg
473	0.000000	0/胡瑞昌1_10005_0.545518.jpg
191	0.000000	0/张熠_20007_0.520548.jpg
947	1.000000	1/胡瑞昌3_20007_0.5964.jpg
141	0.000000	0/张熠2_20004_0.935838.jpg
898	1.000000	1/洪柏祥_40003_0.898561.jpg
676	0.000000	0/蒋楚荞_10008_0.849517.jpg
481	0.000000	0/胡瑞昌1_10006_0.59555.jpg
665	0.000000	0/蒋楚荞_10006_0.622596.jpg
680	0.000000	0/袁式康_40002_0.838829.jpg
557	0.000000	0/胡瑞昌3_20006_0.738142.jpg
781	1.000000	1/俞维龙_20009_0.893539.jpg
297	0.000000	0/朱水珍_40006_0.703662.jpg
587	0.000000	0/胡瑞昌_20005_0.616669.jpg
218	0.000000	0/方乔石_10007_0.906242.jpg
326	0.000000	0/毛满娣_20002_0.798519.jpg
870	1.000000	1/朱水珍_40009_0.786111.jpg
393	0.000000	0/洪柏祥_40001_0.899113.jpg
15	0.000000	0/俞维龙1_20005_0.826851.jpg
881	1.000000	1/毛满娣_20006_0.820877.jpg
699	0.000000	0/郑光贤_20002_0.736488.jpg
287	0.000000	0/朱水珍_40004_0.942488.jpg
153	0.000000	0/张熠2_20006_0.8576.jpg
248	0.000000	0/曹连娣_10006_0.548031.jpg
1027	1.000000	1/郑光贤_20008_0.842903.jpg
145	0.000000	0/张熠2_20005_0.848815.jpg
117	0.000000	0/张晶鑫_20005_0.819883.jpg
583	0.000000	0/胡瑞昌_20004_0.90008.jpg
990	1.000000	1/蒋楚荞_10003_0.635355.jpg
1016	1.000000	1/郑光贤_20001_0.699963.jpg
206	0.000000	0/方乔石_10002_0.877988.jpg
756	1.000000	1/俞维龙2_20003_0.680254.jpg
668	0.000000	0/蒋楚荞_10006_0.895775.jpg
241	0.000000	0/曹连娣_10005_0.644771.jpg
203	0.000000	0/张熠_20009_0.789724.jpg
75	0.000000	0/俞维龙_20004_0.807346.jpg
172	0.000000	0/张熠_20003_0.867826.jpg
892	1.000000	1/洪柏祥1_40008_0.911811.jpg
708	0.000000	0/郑光贤_20004_0.805253.jpg
119	0.000000	0/张晶鑫_20005_0.898255.jpg
673	0.000000	0/蒋楚荞_10007_0.83385.jpg
226	0.000000	0/曹连娣_10003_0.583835.jpg
498	0.000000	0/胡瑞昌1_10008_0.900255.jpg
80	0.000000	0/俞维龙_20007_0.866461.jpg
52	0.000000	0/俞维龙2_20006_0.549375.jpg
135	0.000000	0/张熠2_20003_0.866432.jpg
634	0.000000	0/蒋楚荞1_20006_0.790279.jpg
1022	1.000000	1/郑光贤_20005_0.844034.jpg
880	1.000000	1/毛满娣_20006_0.557609.jpg
824	1.000000	1/张熠2_20008_0.761893.jpg
318	0.000000	0/朱水珍_40009_0.769767.jpg
524	0.000000	0/胡瑞昌2_20005_0.879605.jpg
534	0.000000	0/胡瑞昌3_20002_0.567177.jpg
827	1.000000	1/张熠_20003_0.706006.jpg
832	1.000000	1/方乔石_10002_0.745748.jpg
967	1.000000	1/蒋楚荞1_20004_0.774153.jpg
952	1.000000	1/胡瑞昌_20003_0.56396.jpg
302	0.000000	0/朱水珍_40006_0.861473.jpg
374	0.000000	0/洪柏祥1_40007_0.762238.jpg
757	1.000000	1/俞维龙2_20003_0.771145.jpg
176	0.000000	0/张熠_20004_0.901845.jpg
456	0.000000	0/王存高_20007_0.585385.jpg
520	0.000000	0/胡瑞昌2_20005_0.530002.jpg
716	0.000000	0/郑光贤_20006_0.713912.jpg
479	0.000000	0/胡瑞昌1_10006_0.505735.jpg
25	0.000000	0/俞维龙1_20006_0.901805.jpg
138	0.000000	0/张熠2_20004_0.609068.jpg
934	1.000000	1/胡瑞昌2_20004_0.810973.jpg
338	0.000000	0/毛满娣_20006_0.773168.jpg
107	0.000000	0/张晶鑫1_20008_0.675799.jpg
204	0.000000	0/张熠_20009_0.803026.jpg
267	0.000000	0/曹连娣_10009_0.511274.jpg
605	0.000000	0/胡瑞昌_20007_0.925742.jpg
747	1.000000	1/俞维龙1_20008_0.794342.jpg
985	1.000000	1/蒋楚荞1_20008_0.86471.jpg
971	1.000000	1/蒋楚荞1_20005_0.746406.jpg
149	0.000000	0/张熠2_20005_0.940564.jpg
183	0.000000	0/张熠_20005_0.919839.jpg
304	0.000000	0/朱水珍_40007_0.734354.jpg
319	0.000000	0/朱水珍_40009_0.848055.jpg
502	0.000000	0/胡瑞昌1_10009_0.553896.jpg
70	0.000000	0/俞维龙_20002_0.816072.jpg
657	0.000000	0/蒋楚荞_10005_0.553823.jpg
130	0.000000	0/张熠2_20002_0.80203.jpg
210	0.000000	0/方乔石_10003_0.939874.jpg
917	1.000000	1/王存高_20008_0.573213.jpg
344	0.000000	0/毛满娣_20007_0.922931.jpg
336	0.000000	0/毛满娣_20005_0.89699.jpg
190	0.000000	0/张熠_20006_0.952002.jpg
551	0.000000	0/胡瑞昌3_20005_0.658798.jpg
17	0.000000	0/俞维龙1_20005_0.897499.jpg
741	1.000000	1/俞维龙1_20005_0.896492.jpg
812	1.000000	1/张晶鑫_20008_0.635917.jpg
460	0.000000	0/王存高_20007_0.802783.jpg
430	0.000000	0/王存高_20003_0.680328.jpg
687	0.000000	0/袁式康_40009_0.775715.jpg
956	1.000000	1/胡瑞昌_20006_0.727113.jpg
826	1.000000	1/张熠_20003_0.694974.jpg
142	0.000000	0/张熠2_20004_0.936781.jpg
476	0.000000	0/胡瑞昌1_10005_0.894169.jpg
179	0.000000	0/张熠_20005_0.535139.jpg
758	1.000000	1/俞维龙2_20004_0.763277.jpg
743	1.000000	1/俞维龙1_20006_0.881373.jpg
187	0.000000	0/张熠_20006_0.816243.jpg
507	0.000000	0/胡瑞昌1_10010_0.710769.jpg
710	0.000000	0/郑光贤_20004_0.924458.jpg
574	0.000000	0/胡瑞昌_20003_0.653531.jpg
315	0.000000	0/朱水珍_40008_0.934111.jpg
732	0.000000	0/郑光贤_20009_0.935153.jpg
577	0.000000	0/胡瑞昌_20003_0.901737.jpg
265	0.000000	0/曹连娣_10008_0.870341.jpg
417	0.000000	0/洪柏祥_40007_0.937945.jpg
136	0.000000	0/张熠2_20003_0.894544.jpg
194	0.000000	0/张熠_20007_0.86918.jpg
535	0.000000	0/胡瑞昌3_20002_0.586064.jpg
114	0.000000	0/张晶鑫_20004_0.730894.jpg
794	1.000000	1/张晶鑫1_20006_0.607181.jpg
58	0.000000	0/俞维龙2_20007_0.885388.jpg
397	0.000000	0/洪柏祥_40002_0.958098.jpg
620	0.000000	0/胡瑞昌_20009_0.860552.jpg
802	1.000000	1/张晶鑫_20004_0.723098.jpg
414	0.000000	0/洪柏祥_40007_0.611627.jpg
576	0.000000	0/胡瑞昌_20003_0.850378.jpg
905	1.000000	1/洪柏祥_40007_0.817721.jpg
10	0.000000	0/俞维龙1_20004_0.885623.jpg
29	0.000000	0/俞维龙1_20007_0.846871.jpg
467	0.000000	0/胡瑞昌1_10003_0.820037.jpg
261	0.000000	0/曹连娣_10007_0.889025.jpg
625	0.000000	0/蒋楚荞1_20004_0.795141.jpg
849	1.000000	1/方乔石_10010_0.649179.jpg
550	0.000000	0/胡瑞昌3_20005_0.650466.jpg
292	0.000000	0/朱水珍_40005_0.814942.jpg
285	0.000000	0/朱水珍_40004_0.891377.jpg
903	1.000000	1/洪柏祥_40006_0.711101.jpg
512	0.000000	0/胡瑞昌2_20003_0.929529.jpg
959	1.000000	1/胡瑞昌_20007_0.837124.jpg
398	0.000000	0/洪柏祥_40003_0.772847.jpg
564	0.000000	0/胡瑞昌3_20007_0.724265.jpg
526	0.000000	0/胡瑞昌2_20005_0.935311.jpg
936	1.000000	1/胡瑞昌2_20005_0.804718.jpg
725	0.000000	0/郑光贤_20008_0.875454.jpg
845	1.000000	1/方乔石_10008_0.846637.jpg
268	0.000000	0/曹连娣_10009_0.835337.jpg
968	1.000000	1/蒋楚荞1_20004_0.815502.jpg
662	0.000000	0/蒋楚荞_10005_0.903848.jpg
697	0.000000	0/郑光贤_20001_0.878847.jpg
778	1.000000	1/俞维龙_20008_0.819211.jpg
441	0.000000	0/王存高_20005_0.61963.jpg
701	0.000000	0/郑光贤_20002_0.941356.jpg
386	0.000000	0/洪柏祥1_40009_0.870824.jpg
603	0.000000	0/胡瑞昌_20007_0.810326.jpg
73	0.000000	0/俞维龙_20003_0.839761.jpg
1015	1.000000	1/郑光贤_20000_0.513914.jpg
560	0.000000	0/胡瑞昌3_20006_0.879947.jpg
647	0.000000	0/蒋楚荞_10003_0.908292.jpg
722	0.000000	0/郑光贤_20007_0.94817.jpg
755	1.000000	1/俞维龙2_20002_0.901896.jpg
606	0.000000	0/胡瑞昌_20007_0.934716.jpg
56	0.000000	0/俞维龙2_20007_0.588619.jpg
205	0.000000	0/方乔石_10002_0.63265.jpg
930	1.000000	1/胡瑞昌1_10009_0.543413.jpg
748	1.000000	1/俞维龙1_20009_0.662374.jpg
601	0.000000	0/胡瑞昌_20007_0.518792.jpg
146	0.000000	0/张熠2_20005_0.857112.jpg
672	0.000000	0/蒋楚荞_10007_0.827807.jpg
421	0.000000	0/洪柏祥_40009_0.894647.jpg
105	0.000000	0/张晶鑫1_20007_0.860666.jpg
72	0.000000	0/俞维龙_20003_0.766267.jpg
957	1.000000	1/胡瑞昌_20006_0.794602.jpg
64	0.000000	0/俞维龙2_20009_0.868378.jpg
513	0.000000	0/胡瑞昌2_20004_0.572337.jpg
270	0.000000	0/朱水珍_40003_0.533534.jpg
976	1.000000	1/蒋楚荞1_20006_0.595476.jpg
325	0.000000	0/毛满娣_20002_0.676429.jpg
250	0.000000	0/曹连娣_10006_0.779787.jpg
229	0.000000	0/曹连娣_10003_0.75097.jpg
406	0.000000	0/洪柏祥_40005_0.854797.jpg
515	0.000000	0/胡瑞昌2_20004_0.822164.jpg
415	0.000000	0/洪柏祥_40007_0.61859.jpg
459	0.000000	0/王存高_20007_0.788978.jpg
643	0.000000	0/蒋楚荞_10002_0.715461.jpg
367	0.000000	0/洪柏祥1_40005_0.795686.jpg
420	0.000000	0/洪柏祥_40009_0.826219.jpg
463	0.000000	0/王存高_20008_0.610025.jpg
1007	1.000000	1/蒋楚荞_10008_0.724542.jpg
544	0.000000	0/胡瑞昌3_20004_0.733308.jpg
763	1.000000	1/俞维龙2_20007_0.773289.jpg
0	0.000000	0/俞维龙1_20001_0.742502.jpg
453	0.000000	0/王存高_20007_0.527528.jpg
825	1.000000	1/张熠_20002_0.594736.jpg
679	0.000000	0/袁式康_40002_0.692933.jpg
41	0.000000	0/俞维龙2_20002_0.813473.jpg
552	0.000000	0/胡瑞昌3_20005_0.695221.jpg
729	0.000000	0/郑光贤_20009_0.729694.jpg
382	0.000000	0/洪柏祥1_40009_0.572227.jpg
529	0.000000	0/胡瑞昌2_20006_0.797825.jpg
404	0.000000	0/洪柏祥_40004_0.965411.jpg
126	0.000000	0/张熠2_20001_0.56483.jpg
429	0.000000	0/王存高_20002_0.715122.jpg
595	0.000000	0/胡瑞昌_20006_0.650218.jpg
685	0.000000	0/袁式康_40003_0.894943.jpg
527	0.000000	0/胡瑞昌2_20006_0.619238.jpg
949	1.000000	1/胡瑞昌3_20008_0.51767.jpg
624	0.000000	0/蒋楚荞1_20004_0.583718.jpg
169	0.000000	0/张熠2_20008_0.845127.jpg
869	1.000000	1/朱水珍_40008_0.826728.jpg
761	1.000000	1/俞维龙2_20005_0.765783.jpg
906	1.000000	1/洪柏祥_40007_0.931614.jpg
207	0.000000	0/方乔石_10002_0.896765.jpg
809	1.000000	1/张晶鑫_20006_0.825508.jpg
363	0.000000	0/洪柏祥1_40004_0.705479.jpg
780	1.000000	1/俞维龙_20009_0.86254.jpg
693	0.000000	0/袁式康_40010_0.66889.jpg
808	1.000000	1/张晶鑫_20006_0.718836.jpg
702	0.000000	0/郑光贤_20003_0.562991.jpg
644	0.000000	0/蒋楚荞_10002_0.830124.jpg
323	0.000000	0/毛满娣_20001_0.778489.jpg
848	1.000000	1/方乔石_10009_0.923271.jpg
899	1.000000	1/洪柏祥_40004_0.811436.jpg
314	0.000000	0/朱水珍_40008_0.929359.jpg
541	0.000000	0/胡瑞昌3_20003_0.70019.jpg
828	1.000000	1/张熠_20004_0.812516.jpg
533	0.000000	0/胡瑞昌2_20006_0.911369.jpg
863	1.000000	1/朱水珍_40005_0.77658.jpg
93	0.000000	0/张晶鑫1_20003_0.762331.jpg
159	0.000000	0/张熠2_20007_0.712628.jpg
1018	1.000000	1/郑光贤_20002_0.781048.jpg
626	0.000000	0/蒋楚荞1_20004_0.910328.jpg
506	0.000000	0/胡瑞昌1_10010_0.708576.jpg
953	1.000000	1/胡瑞昌_20004_0.691092.jpg
21	0.000000	0/俞维龙1_20006_0.806365.jpg
451	0.000000	0/王存高_20006_0.728071.jpg
600	0.000000	0/胡瑞昌_20006_0.946306.jpg
350	0.000000	0/洪柏祥1_40001_0.905992.jpg
283	0.000000	0/朱水珍_40004_0.78069.jpg
320	0.000000	0/毛满娣_20000_0.582777.jpg
394	0.000000	0/洪柏祥_40001_0.928502.jpg
992	1.000000	1/蒋楚荞_10004_0.71612.jpg
284	0.000000	0/朱水珍_40004_0.860425.jpg
490	0.000000	0/胡瑞昌1_10007_0.81165.jpg
629	0.000000	0/蒋楚荞1_20005_0.660474.jpg
982	1.000000	1/蒋楚荞1_20007_0.563347.jpg
101	0.000000	0/张晶鑫1_20005_0.812011.jpg
628	0.000000	0/蒋楚荞1_20005_0.587973.jpg
807	1.000000	1/张晶鑫_20006_0.68663.jpg
4	0.000000	0/俞维龙1_20003_0.840606.jpg
569	0.000000	0/胡瑞昌3_20008_0.681941.jpg
919	1.000000	1/胡瑞昌1_10003_0.670101.jpg
573	0.000000	0/胡瑞昌3_20009_0.638206.jpg
239	0.000000	0/曹连娣_10005_0.534906.jpg
1002	1.000000	1/蒋楚荞_10007_0.636249.jpg
383	0.000000	0/洪柏祥1_40009_0.650931.jpg
762	1.000000	1/俞维龙2_20006_0.814809.jpg
294	0.000000	0/朱水珍_40005_0.883836.jpg
521	0.000000	0/胡瑞昌2_20005_0.560308.jpg
740	1.000000	1/俞维龙1_20005_0.823817.jpg
855	1.000000	1/曹连娣_10005_0.662906.jpg
352	0.000000	0/洪柏祥1_40002_0.530398.jpg
487	0.000000	0/胡瑞昌1_10007_0.564745.jpg
279	0.000000	0/朱水珍_40004_0.521737.jpg
46	0.000000	0/俞维龙2_20004_0.692314.jpg
416	0.000000	0/洪柏祥_40007_0.832035.jpg
1004	1.000000	1/蒋楚荞_10008_0.506213.jpg
981	1.000000	1/蒋楚荞1_20007_0.530449.jpg
494	0.000000	0/胡瑞昌1_10007_0.91765.jpg
286	0.000000	0/朱水珍_40004_0.894004.jpg
19	0.000000	0/俞维龙1_20006_0.533365.jpg
1014	1.000000	1/袁式康_40011_0.850621.jpg
251	0.000000	0/曹连娣_10006_0.801225.jpg
78	0.000000	0/俞维龙_20007_0.826652.jpg
585	0.000000	0/胡瑞昌_20004_0.945267.jpg
835	1.000000	1/方乔石_10004_0.808259.jpg
543	0.000000	0/胡瑞昌3_20003_0.816193.jpg
99	0.000000	0/张晶鑫1_20005_0.761914.jpg
511	0.000000	0/胡瑞昌2_20003_0.83599.jpg
252	0.000000	0/曹连娣_10006_0.810759.jpg
418	0.000000	0/洪柏祥_40007_0.972648.jpg
815	1.000000	1/张熠2_20001_0.575092.jpg
907	1.000000	1/洪柏祥_40009_0.80531.jpg
348	0.000000	0/毛满娣_20009_0.640872.jpg
655	0.000000	0/蒋楚荞_10004_0.920823.jpg
950	1.000000	1/胡瑞昌3_20008_0.683325.jpg
839	1.000000	1/方乔石_10006_0.73647.jpg
332	0.000000	0/毛满娣_20004_0.806193.jpg
372	0.000000	0/洪柏祥1_40006_0.901346.jpg
407	0.000000	0/洪柏祥_40005_0.934819.jpg
546	0.000000	0/胡瑞昌3_20004_0.792839.jpg
295	0.000000	0/朱水珍_40006_0.517757.jpg
738	1.000000	1/俞维龙1_20004_0.753344.jpg
264	0.000000	0/曹连娣_10008_0.829373.jpg
42	0.000000	0/俞维龙2_20002_0.890428.jpg
364	0.000000	0/洪柏祥1_40004_0.798806.jpg
76	0.000000	0/俞维龙_20004_0.825554.jpg
846	1.000000	1/方乔石_10009_0.850661.jpg
510	0.000000	0/胡瑞昌2_20003_0.795028.jpg
271	0.000000	0/朱水珍_40003_0.575987.jpg
654	0.000000	0/蒋楚荞_10004_0.908378.jpg
345	0.000000	0/毛满娣_20008_0.68119.jpg
477	0.000000	0/胡瑞昌1_10005_0.898345.jpg
22	0.000000	0/俞维龙1_20006_0.811293.jpg
413	0.000000	0/洪柏祥_40006_0.975485.jpg
244	0.000000	0/曹连娣_10005_0.866879.jpg
530	0.000000	0/胡瑞昌2_20006_0.851597.jpg
219	0.000000	0/方乔石_10008_0.893522.jpg
379	0.000000	0/洪柏祥1_40008_0.802578.jpg
614	0.000000	0/胡瑞昌_20009_0.55865.jpg
173	0.000000	0/张熠_20003_0.891252.jpg
645	0.000000	0/蒋楚荞_10002_0.907845.jpg
765	1.000000	1/俞维龙2_20008_0.7946.jpg
95	0.000000	0/张晶鑫1_20004_0.750366.jpg
425	0.000000	0/洪柏祥_40010_0.844154.jpg
671	0.000000	0/蒋楚荞_10007_0.509025.jpg
180	0.000000	0/张熠_20005_0.6564.jpg
616	0.000000	0/胡瑞昌_20009_0.616889.jpg
246	0.000000	0/曹连娣_10005_0.902443.jpg
597	0.000000	0/胡瑞昌_20006_0.835939.jpg
28	0.000000	0/俞维龙1_20007_0.843254.jpg
876	1.000000	1/毛满娣_20002_0.569883.jpg
805	1.000000	1/张晶鑫_20005_0.72246.jpg
401	0.000000	0/洪柏祥_40004_0.52285.jpg
409	0.000000	0/洪柏祥_40006_0.505976.jpg
873	1.000000	1/朱水珍_40010_0.523961.jpg
222	0.000000	0/方乔石_10009_0.959731.jpg
259	0.000000	0/曹连娣_10007_0.849686.jpg
272	0.000000	0/朱水珍_40003_0.660468.jpg
970	1.000000	1/蒋楚荞1_20005_0.724532.jpg
972	1.000000	1/蒋楚荞1_20005_0.779492.jpg
446	0.000000	0/王存高_20006_0.557776.jpg
199	0.000000	0/张熠_20008_0.744708.jpg
711	0.000000	0/郑光贤_20005_0.5666.jpg
390	0.000000	0/洪柏祥1_40010_0.757298.jpg
435	0.000000	0/王存高_20004_0.71407.jpg
62	0.000000	0/俞维龙2_20009_0.627759.jpg
509	0.000000	0/胡瑞昌2_20003_0.776449.jpg
769	1.000000	1/俞维龙_20001_0.536648.jpg
7	0.000000	0/俞维龙1_20004_0.593624.jpg
787	1.000000	1/张晶鑫1_20003_0.676395.jpg
715	0.000000	0/郑光贤_20005_0.918502.jpg
1025	1.000000	1/郑光贤_20007_0.795208.jpg
43	0.000000	0/俞维龙2_20003_0.617063.jpg
613	0.000000	0/胡瑞昌_20008_0.961422.jpg
686	0.000000	0/袁式康_40009_0.749771.jpg
964	1.000000	1/蒋楚荞1_20004_0.605483.jpg
531	0.000000	0/胡瑞昌2_20006_0.887874.jpg
1005	1.000000	1/蒋楚荞_10008_0.514102.jpg
16	0.000000	0/俞维龙1_20005_0.895108.jpg
915	1.000000	1/王存高_20005_0.6649.jpg
1023	1.000000	1/郑光贤_20006_0.742193.jpg
156	0.000000	0/张熠2_20006_0.927732.jpg
274	0.000000	0/朱水珍_40003_0.715895.jpg
321	0.000000	0/毛满娣_20000_0.688567.jpg
900	1.000000	1/洪柏祥_40004_0.863247.jpg
618	0.000000	0/胡瑞昌_20009_0.785069.jpg
322	0.000000	0/毛满娣_20000_0.865695.jpg
718	0.000000	0/郑光贤_20006_0.892091.jpg
83	0.000000	0/俞维龙_20008_0.845027.jpg
433	0.000000	0/王存高_20004_0.561926.jpg
637	0.000000	0/蒋楚荞1_20007_0.566359.jpg
157	0.000000	0/张熠2_20006_0.954585.jpg
611	0.000000	0/胡瑞昌_20008_0.852594.jpg
821	1.000000	1/张熠2_20007_0.539717.jpg
160	0.000000	0/张熠2_20007_0.747133.jpg
707	0.000000	0/郑光贤_20004_0.698495.jpg
333	0.000000	0/毛满娣_20004_0.920712.jpg
196	0.000000	0/张熠_20007_0.902703.jpg
635	0.000000	0/蒋楚荞1_20006_0.938691.jpg
448	0.000000	0/王存高_20006_0.615342.jpg
312	0.000000	0/朱水珍_40008_0.890431.jpg
313	0.000000	0/朱水珍_40008_0.909598.jpg
691	0.000000	0/袁式康_40010_0.57484.jpg
921	1.000000	1/胡瑞昌1_10004_0.799252.jpg
642	0.000000	0/蒋楚荞_10001_0.663471.jpg
122	0.000000	0/张晶鑫_20007_0.837992.jpg
328	0.000000	0/毛满娣_20003_0.73201.jpg
375	0.000000	0/洪柏祥1_40007_0.817926.jpg
724	0.000000	0/郑光贤_20008_0.858758.jpg
872	1.000000	1/朱水珍_40009_0.894899.jpg
11	0.000000	0/俞维龙1_20004_0.909401.jpg
474	0.000000	0/胡瑞昌1_10005_0.592195.jpg
238	0.000000	0/曹连娣_10004_0.885863.jpg
726	0.000000	0/郑光贤_20008_0.954619.jpg
40	0.000000	0/俞维龙2_20002_0.579033.jpg
770	1.000000	1/俞维龙_20001_0.778569.jpg
109	0.000000	0/张晶鑫_20002_0.733338.jpg
1008	1.000000	1/袁式康_40003_0.582739.jpg
868	1.000000	1/朱水珍_40007_0.919824.jpg
619	0.000000	0/胡瑞昌_20009_0.827833.jpg
30	0.000000	0/俞维龙1_20007_0.865668.jpg
262	0.000000	0/曹连娣_10008_0.722021.jpg
602	0.000000	0/胡瑞昌_20007_0.669528.jpg
678	0.000000	0/袁式康_40001_0.752964.jpg
894	1.000000	1/洪柏祥1_40010_0.620309.jpg
504	0.000000	0/胡瑞昌1_10009_0.888914.jpg
999	1.000000	1/蒋楚荞_10007_0.5728.jpg
852	1.000000	1/曹连娣_10003_0.509542.jpg
522	0.000000	0/胡瑞昌2_20005_0.828199.jpg
1021	1.000000	1/郑光贤_20004_0.703041.jpg
489	0.000000	0/胡瑞昌1_10007_0.747523.jpg
946	1.000000	1/胡瑞昌3_20006_0.730076.jpg
646	0.000000	0/蒋楚荞_10003_0.855657.jpg
480	0.000000	0/胡瑞昌1_10006_0.518064.jpg
728	0.000000	0/郑光贤_20009_0.595036.jpg
91	0.000000	0/张晶鑫1_20003_0.651878.jpg
561	0.000000	0/胡瑞昌3_20006_0.903073.jpg
115	0.000000	0/张晶鑫_20004_0.750435.jpg
518	0.000000	0/胡瑞昌2_20004_0.925327.jpg
230	0.000000	0/曹连娣_10003_0.776391.jpg
14	0.000000	0/俞维龙1_20005_0.683453.jpg
35	0.000000	0/俞维龙1_20008_0.782618.jpg
234	0.000000	0/曹连娣_10004_0.639917.jpg
356	0.000000	0/洪柏祥1_40002_0.965035.jpg
232	0.000000	0/曹连娣_10004_0.593535.jpg
288	0.000000	0/朱水珍_40005_0.520398.jpg
483	0.000000	0/胡瑞昌1_10006_0.872558.jpg
118	0.000000	0/张晶鑫_20005_0.82719.jpg
330	0.000000	0/毛满娣_20003_0.894797.jpg
496	0.000000	0/胡瑞昌1_10008_0.66833.jpg
661	0.000000	0/蒋楚荞_10005_0.89901.jpg
860	1.000000	1/朱水珍_40002_0.855311.jpg
388	0.000000	0/洪柏祥1_40010_0.700992.jpg
908	1.000000	1/洪柏祥_40009_0.867486.jpg
366	0.000000	0/洪柏祥1_40004_0.981221.jpg
174	0.000000	0/张熠_20004_0.762836.jpg
700	0.000000	0/郑光贤_20002_0.92601.jpg
733	0.000000	0/郑光贤_20009_0.941673.jpg
764	1.000000	1/俞维龙2_20007_0.869413.jpg
836	1.000000	1/方乔石_10004_0.811338.jpg
904	1.000000	1/洪柏祥_40006_0.889956.jpg
580	0.000000	0/胡瑞昌_20004_0.636049.jpg
998	1.000000	1/蒋楚荞_10006_0.789951.jpg
803	1.000000	1/张晶鑫_20004_0.755053.jpg
774	1.000000	1/俞维龙_20004_0.74135.jpg
739	1.000000	1/俞维龙1_20005_0.812952.jpg
300	0.000000	0/朱水珍_40006_0.836387.jpg
90	0.000000	0/张晶鑫1_20003_0.588522.jpg
705	0.000000	0/郑光贤_20003_0.961339.jpg
108	0.000000	0/张晶鑫1_20008_0.790569.jpg
492	0.000000	0/胡瑞昌1_10007_0.894545.jpg
158	0.000000	0/张熠2_20006_0.963702.jpg
965	1.000000	1/蒋楚荞1_20004_0.688421.jpg
20	0.000000	0/俞维龙1_20006_0.557233.jpg
426	0.000000	0/洪柏祥_40010_0.850619.jpg
452	0.000000	0/王存高_20006_0.830338.jpg
47	0.000000	0/俞维龙2_20004_0.862955.jpg
71	0.000000	0/俞维龙_20002_0.887101.jpg
89	0.000000	0/张晶鑫1_20002_0.695726.jpg
359	0.000000	0/洪柏祥1_40003_0.895886.jpg
440	0.000000	0/王存高_20005_0.578353.jpg
469	0.000000	0/胡瑞昌1_10004_0.824635.jpg
402	0.000000	0/洪柏祥_40004_0.861485.jpg
889	1.000000	1/洪柏祥1_40006_0.72963.jpg
228	0.000000	0/曹连娣_10003_0.679673.jpg
630	0.000000	0/蒋楚荞1_20005_0.799637.jpg
592	0.000000	0/胡瑞昌_20005_0.929824.jpg
913	1.000000	1/王存高_20002_0.6765.jpg
128	0.000000	0/张熠2_20002_0.571274.jpg
308	0.000000	0/朱水珍_40007_0.899846.jpg
920	1.000000	1/胡瑞昌1_10003_0.703457.jpg
113	0.000000	0/张晶鑫_20004_0.670314.jpg
516	0.000000	0/胡瑞昌2_20004_0.869004.jpg
943	1.000000	1/胡瑞昌3_20004_0.761328.jpg
598	0.000000	0/胡瑞昌_20006_0.884584.jpg
912	1.000000	1/洪柏祥_40011_0.59818.jpg
139	0.000000	0/张熠2_20004_0.766882.jpg
648	0.000000	0/蒋楚荞_10003_0.926821.jpg
468	0.000000	0/胡瑞昌1_10004_0.530134.jpg
640	0.000000	0/蒋楚荞1_20008_0.798105.jpg
74	0.000000	0/俞维龙_20003_0.881043.jpg
796	1.000000	1/张晶鑫1_20007_0.768984.jpg
562	0.000000	0/胡瑞昌3_20007_0.650513.jpg
590	0.000000	0/胡瑞昌_20005_0.869747.jpg
615	0.000000	0/胡瑞昌_20009_0.586834.jpg
847	1.000000	1/方乔石_10009_0.858494.jpg
217	0.000000	0/方乔石_10007_0.859606.jpg
200	0.000000	0/张熠_20008_0.833362.jpg
457	0.000000	0/王存高_20007_0.591021.jpg
896	1.000000	1/洪柏祥_40002_0.835073.jpg
391	0.000000	0/洪柏祥_40000_0.830655.jpg
389	0.000000	0/洪柏祥1_40010_0.703658.jpg
178	0.000000	0/张熠_20004_0.926406.jpg
1006	1.000000	1/蒋楚荞_10008_0.584122.jpg
940	1.000000	1/胡瑞昌3_20003_0.532677.jpg
327	0.000000	0/毛满娣_20002_0.897601.jpg
720	0.000000	0/郑光贤_20007_0.795821.jpg
13	0.000000	0/俞维龙1_20005_0.558388.jpg
752	1.000000	1/俞维龙2_20001_0.686256.jpg
933	1.000000	1/胡瑞昌2_20004_0.709056.jpg
3	0.000000	0/俞维龙1_20002_0.887398.jpg
713	0.000000	0/郑光贤_20005_0.833302.jpg
162	0.000000	0/张熠2_20007_0.868096.jpg
147	0.000000	0/张熠2_20005_0.88949.jpg
948	1.000000	1/胡瑞昌3_20007_0.681842.jpg
360	0.000000	0/洪柏祥1_40003_0.902674.jpg
632	0.000000	0/蒋楚荞1_20006_0.598713.jpg
709	0.000000	0/郑光贤_20004_0.895167.jpg
926	1.000000	1/胡瑞昌1_10006_0.822535.jpg
85	0.000000	0/俞维龙_20009_0.838965.jpg
188	0.000000	0/张熠_20006_0.886095.jpg
745	1.000000	1/俞维龙1_20007_0.830374.jpg
34	0.000000	0/俞维龙1_20008_0.719705.jpg
454	0.000000	0/王存高_20007_0.567806.jpg
689	0.000000	0/袁式康_40009_0.847116.jpg
331	0.000000	0/毛满娣_20004_0.785598.jpg
361	0.000000	0/洪柏祥1_40003_0.973136.jpg
901	1.000000	1/洪柏祥_40005_0.80357.jpg
88	0.000000	0/张晶鑫1_20002_0.681569.jpg
23	0.000000	0/俞维龙1_20006_0.819633.jpg
991	1.000000	1/蒋楚荞_10003_0.668982.jpg
961	1.000000	1/蒋楚荞1_20003_0.508808.jpg
853	1.000000	1/曹连娣_10004_0.562788.jpg
659	0.000000	0/蒋楚荞_10005_0.600509.jpg
305	0.000000	0/朱水珍_40007_0.754577.jpg
887	1.000000	1/洪柏祥1_40005_0.707748.jpg
81	0.000000	0/俞维龙_20008_0.784349.jpg
669	0.000000	0/蒋楚荞_10006_0.909188.jpg
9	0.000000	0/俞维龙1_20004_0.707513.jpg
989	1.000000	1/蒋楚荞_10003_0.594765.jpg
237	0.000000	0/曹连娣_10004_0.875166.jpg
301	0.000000	0/朱水珍_40006_0.848771.jpg
571	0.000000	0/胡瑞昌3_20008_0.779817.jpg
960	1.000000	1/胡瑞昌_20008_0.574.jpg
38	0.000000	0/俞维龙1_20008_0.847762.jpg
311	0.000000	0/朱水珍_40008_0.751786.jpg
798	1.000000	1/张晶鑫_20002_0.651553.jpg
2	0.000000	0/俞维龙1_20002_0.866166.jpg
277	0.000000	0/朱水珍_40003_0.866296.jpg
862	1.000000	1/朱水珍_40004_0.913176.jpg
842	1.000000	1/方乔石_10007_0.903963.jpg
233	0.000000	0/曹连娣_10004_0.604299.jpg
195	0.000000	0/张熠_20007_0.900491.jpg
97	0.000000	0/张晶鑫1_20004_0.839371.jpg
727	0.000000	0/郑光贤_20008_0.96448.jpg
266	0.000000	0/曹连娣_10008_0.876491.jpg
1001	1.000000	1/蒋楚荞_10007_0.62045.jpg
275	0.000000	0/朱水珍_40003_0.811928.jpg
612	0.000000	0/胡瑞昌_20008_0.874341.jpg
79	0.000000	0/俞维龙_20007_0.839218.jpg
422	0.000000	0/洪柏祥_40009_0.925469.jpg
213	0.000000	0/方乔石_10005_0.866862.jpg
148	0.000000	0/张熠2_20005_0.896718.jpg
427	0.000000	0/洪柏祥_40011_0.573689.jpg
831	1.000000	1/张熠_20008_0.613378.jpg
593	0.000000	0/胡瑞昌_20005_0.942659.jpg
621	0.000000	0/蒋楚荞1_20003_0.618153.jpg
198	0.000000	0/张熠_20008_0.620007.jpg
536	0.000000	0/胡瑞昌3_20002_0.634793.jpg
465	0.000000	0/胡瑞昌1_10003_0.718228.jpg
893	1.000000	1/洪柏祥1_40009_0.830765.jpg
932	1.000000	1/胡瑞昌2_20003_0.550796.jpg
461	0.000000	0/王存高_20008_0.56493.jpg
844	1.000000	1/方乔石_10008_0.840817.jpg
436	0.000000	0/王存高_20004_0.738186.jpg
553	0.000000	0/胡瑞昌3_20005_0.76812.jpg
37	0.000000	0/俞维龙1_20008_0.803453.jpg
927	1.000000	1/胡瑞昌1_10007_0.851612.jpg
750	1.000000	1/俞维龙1_20009_0.737275.jpg
704	0.000000	0/郑光贤_20003_0.928414.jpg
68	0.000000	0/俞维龙_20001_0.844471.jpg
257	0.000000	0/曹连娣_10007_0.769515.jpg
125	0.000000	0/张晶鑫_20008_0.818428.jpg
92	0.000000	0/张晶鑫1_20003_0.67796.jpg
656	0.000000	0/蒋楚荞_10004_0.940505.jpg
216	0.000000	0/方乔石_10006_0.90584.jpg
143	0.000000	0/张熠2_20004_0.937286.jpg
850	1.000000	1/方乔石_10010_0.765848.jpg
96	0.000000	0/张晶鑫1_20004_0.810576.jpg
161	0.000000	0/张熠2_20007_0.84147.jpg
254	0.000000	0/曹连娣_10006_0.873646.jpg
202	0.000000	0/张熠_20008_0.872454.jpg
48	0.000000	0/俞维龙2_20004_0.912192.jpg
773	1.000000	1/俞维龙_20003_0.884689.jpg
485	0.000000	0/胡瑞昌1_10006_0.914458.jpg
817	1.000000	1/张熠2_20003_0.719351.jpg
50	0.000000	0/俞维龙2_20005_0.734421.jpg
977	1.000000	1/蒋楚荞1_20006_0.603368.jpg
455	0.000000	0/王存高_20007_0.581829.jpg
717	0.000000	0/郑光贤_20006_0.838935.jpg
39	0.000000	0/俞维龙2_20001_0.711148.jpg
558	0.000000	0/胡瑞昌3_20006_0.831561.jpg
488	0.000000	0/胡瑞昌1_10007_0.578528.jpg
658	0.000000	0/蒋楚荞_10005_0.561522.jpg
675	0.000000	0/蒋楚荞_10008_0.820615.jpg
942	1.000000	1/胡瑞昌3_20004_0.716453.jpg
155	0.000000	0/张熠2_20006_0.915543.jpg
730	0.000000	0/郑光贤_20009_0.884554.jpg
694	0.000000	0/袁式康_40010_0.724389.jpg
410	0.000000	0/洪柏祥_40006_0.557075.jpg
106	0.000000	0/张晶鑫1_20007_0.883656.jpg
742	1.000000	1/俞维龙1_20006_0.705718.jpg
399	0.000000	0/洪柏祥_40003_0.95805.jpg
44	0.000000	0/俞维龙2_20003_0.888965.jpg
214	0.000000	0/方乔石_10005_0.949695.jpg
888	1.000000	1/洪柏祥1_40005_0.923285.jpg
737	1.000000	1/俞维龙1_20004_0.731777.jpg
121	0.000000	0/张晶鑫_20006_0.910459.jpg
885	1.000000	1/洪柏祥1_40001_0.91832.jpg
841	1.000000	1/方乔石_10007_0.598931.jpg
963	1.000000	1/蒋楚荞1_20003_0.666183.jpg
486	0.000000	0/胡瑞昌1_10007_0.547132.jpg
116	0.000000	0/张晶鑫_20005_0.652848.jpg
937	1.000000	1/胡瑞昌2_20006_0.593625.jpg
12	0.000000	0/俞维龙1_20004_0.927462.jpg
1012	1.000000	1/袁式康_40010_0.910735.jpg
341	0.000000	0/毛满娣_20007_0.600993.jpg
365	0.000000	0/洪柏祥1_40004_0.908139.jpg
581	0.000000	0/胡瑞昌_20004_0.689505.jpg
744	1.000000	1/俞维龙1_20007_0.825423.jpg
766	1.000000	1/俞维龙2_20008_0.844421.jpg
823	1.000000	1/张熠2_20007_0.726663.jpg
666	0.000000	0/蒋楚荞_10006_0.634009.jpg
221	0.000000	0/方乔石_10009_0.920464.jpg
636	0.000000	0/蒋楚荞1_20007_0.522564.jpg
537	0.000000	0/胡瑞昌3_20002_0.711206.jpg
317	0.000000	0/朱水珍_40009_0.567728.jpg
224	0.000000	0/方乔石_10010_0.821954.jpg
609	0.000000	0/胡瑞昌_20008_0.782363.jpg
800	1.000000	1/张晶鑫_20003_0.698942.jpg
51	0.000000	0/俞维龙2_20005_0.856374.jpg
735	1.000000	1/俞维龙1_20003_0.817795.jpg
123	0.000000	0/张晶鑫_20007_0.932352.jpg
712	0.000000	0/郑光贤_20005_0.817254.jpg
994	1.000000	1/蒋楚荞_10005_0.728954.jpg
281	0.000000	0/朱水珍_40004_0.642174.jpg
771	1.000000	1/俞维龙_20002_0.722576.jpg
55	0.000000	0/俞维龙2_20006_0.865977.jpg
168	0.000000	0/张熠2_20008_0.740012.jpg
334	0.000000	0/毛满娣_20005_0.504453.jpg
882	1.000000	1/毛满娣_20007_0.507797.jpg
599	0.000000	0/胡瑞昌_20006_0.924126.jpg
692	0.000000	0/袁式康_40010_0.629184.jpg
59	0.000000	0/俞维龙2_20008_0.772576.jpg
150	0.000000	0/张熠2_20005_0.970516.jpg
260	0.000000	0/曹连娣_10007_0.868122.jpg
596	0.000000	0/胡瑞昌_20006_0.715368.jpg
505	0.000000	0/胡瑞昌1_10009_0.913309.jpg
820	1.000000	1/张熠2_20005_0.710999.jpg
525	0.000000	0/胡瑞昌2_20005_0.926597.jpg
909	1.000000	1/洪柏祥_40010_0.593127.jpg
785	1.000000	1/张晶鑫1_20003_0.598638.jpg
447	0.000000	0/王存高_20006_0.579541.jpg
939	1.000000	1/胡瑞昌3_20002_0.733499.jpg
723	0.000000	0/郑光贤_20008_0.752205.jpg
843	1.000000	1/方乔石_10008_0.642365.jpg
867	1.000000	1/朱水珍_40007_0.890576.jpg
245	0.000000	0/曹连娣_10005_0.876792.jpg
258	0.000000	0/曹连娣_10007_0.790353.jpg
444	0.000000	0/王存高_20005_0.731859.jpg
667	0.000000	0/蒋楚荞_10006_0.758073.jpg
307	0.000000	0/朱水珍_40007_0.862741.jpg
911	1.000000	1/洪柏祥_40011_0.564806.jpg
103	0.000000	0/张晶鑫1_20006_0.715435.jpg
833	1.000000	1/方乔石_10003_0.586051.jpg
63	0.000000	0/俞维龙2_20009_0.764128.jpg
779	1.000000	1/俞维龙_20008_0.927197.jpg
411	0.000000	0/洪柏祥_40006_0.902449.jpg
495	0.000000	0/胡瑞昌1_10008_0.554517.jpg
371	0.000000	0/洪柏祥1_40006_0.831279.jpg
874	1.000000	1/朱水珍_40010_0.599998.jpg
555	0.000000	0/胡瑞昌3_20005_0.887434.jpg
351	0.000000	0/洪柏祥1_40001_0.95606.jpg
698	0.000000	0/郑光贤_20002_0.539487.jpg
540	0.000000	0/胡瑞昌3_20003_0.63355.jpg
346	0.000000	0/毛满娣_20008_0.689778.jpg
604	0.000000	0/胡瑞昌_20007_0.843374.jpg
706	0.000000	0/郑光贤_20004_0.669157.jpg
296	0.000000	0/朱水珍_40006_0.538053.jpg
731	0.000000	0/郑光贤_20009_0.893647.jpg
1019	1.000000	1/郑光贤_20003_0.751695.jpg
793	1.000000	1/张晶鑫1_20006_0.500529.jpg
633	0.000000	0/蒋楚荞1_20006_0.688626.jpg
734	1.000000	1/俞维龙1_20003_0.529573.jpg
253	0.000000	0/曹连娣_10006_0.866423.jpg
623	0.000000	0/蒋楚荞1_20003_0.910115.jpg
53	0.000000	0/俞维龙2_20006_0.645191.jpg
775	1.000000	1/俞维龙_20004_0.946296.jpg
567	0.000000	0/胡瑞昌3_20007_0.888996.jpg
638	0.000000	0/蒋楚荞1_20007_0.813779.jpg
129	0.000000	0/张熠2_20002_0.758192.jpg
396	0.000000	0/洪柏祥_40002_0.94027.jpg
923	1.000000	1/胡瑞昌1_10005_0.764588.jpg
944	1.000000	1/胡瑞昌3_20005_0.550877.jpg
974	1.000000	1/蒋楚荞1_20005_0.950685.jpg
818	1.000000	1/张熠2_20004_0.605275.jpg
458	0.000000	0/王存高_20007_0.65058.jpg
242	0.000000	0/曹连娣_10005_0.775382.jpg
681	0.000000	0/袁式康_40002_0.857967.jpg
935	1.000000	1/胡瑞昌2_20005_0.768578.jpg
26	0.000000	0/俞维龙1_20006_0.923072.jpg
861	1.000000	1/朱水珍_40003_0.901027.jpg
171	0.000000	0/张熠_20003_0.841573.jpg
197	0.000000	0/张熠_20007_0.924885.jpg
166	0.000000	0/张熠2_20008_0.690614.jpg
579	0.000000	0/胡瑞昌_20004_0.573726.jpg
871	1.000000	1/朱水珍_40009_0.876071.jpg
792	1.000000	1/张晶鑫1_20005_0.633656.jpg
151	0.000000	0/张熠2_20006_0.782435.jpg
405	0.000000	0/洪柏祥_40005_0.768148.jpg
617	0.000000	0/胡瑞昌_20009_0.626808.jpg
5	0.000000	0/俞维龙1_20003_0.850347.jpg
184	0.000000	0/张熠_20005_0.942048.jpg
127	0.000000	0/张熠2_20001_0.576353.jpg
653	0.000000	0/蒋楚荞_10004_0.762759.jpg
664	0.000000	0/蒋楚荞_10006_0.542907.jpg
877	1.000000	1/毛满娣_20003_0.665837.jpg
164	0.000000	0/张熠2_20007_0.936875.jpg
384	0.000000	0/洪柏祥1_40009_0.719918.jpg
837	1.000000	1/方乔石_10005_0.67003.jpg
811	1.000000	1/张晶鑫_20008_0.504715.jpg
922	1.000000	1/胡瑞昌1_10004_0.80186.jpg
282	0.000000	0/朱水珍_40004_0.706319.jpg
568	0.000000	0/胡瑞昌3_20008_0.642346.jpg
472	0.000000	0/胡瑞昌1_10004_0.927752.jpg
979	1.000000	1/蒋楚荞1_20006_0.810411.jpg
412	0.000000	0/洪柏祥_40006_0.959091.jpg
215	0.000000	0/方乔石_10006_0.869253.jpg
854	1.000000	1/曹连娣_10004_0.724349.jpg
986	1.000000	1/蒋楚荞1_20008_0.871117.jpg
419	0.000000	0/洪柏祥_40009_0.761407.jpg
641	0.000000	0/蒋楚荞1_20009_0.715616.jpg
378	0.000000	0/洪柏祥1_40008_0.80025.jpg
355	0.000000	0/洪柏祥1_40002_0.928297.jpg
914	1.000000	1/王存高_20004_0.805126.jpg
193	0.000000	0/张熠_20007_0.836592.jpg
144	0.000000	0/张熠2_20005_0.732608.jpg
182	0.000000	0/张熠_20005_0.858769.jpg
983	1.000000	1/蒋楚荞1_20007_0.658925.jpg
208	0.000000	0/方乔石_10003_0.795176.jpg
786	1.000000	1/张晶鑫1_20003_0.630259.jpg
859	1.000000	1/朱水珍_40002_0.780151.jpg
316	0.000000	0/朱水珍_40009_0.543982.jpg
235	0.000000	0/曹连娣_10004_0.732671.jpg
343	0.000000	0/毛满娣_20007_0.85577.jpg
209	0.000000	0/方乔石_10003_0.926579.jpg
969	1.000000	1/蒋楚荞1_20005_0.700506.jpg
663	0.000000	0/蒋楚荞_10005_0.904214.jpg
955	1.000000	1/胡瑞昌_20005_0.766871.jpg
674	0.000000	0/蒋楚荞_10007_0.844668.jpg
49	0.000000	0/俞维龙2_20005_0.668252.jpg
269	0.000000	0/曹连娣_10009_0.885988.jpg
466	0.000000	0/胡瑞昌1_10003_0.750949.jpg
754	1.000000	1/俞维龙2_20002_0.601991.jpg
82	0.000000	0/俞维龙_20008_0.800617.jpg
124	0.000000	0/张晶鑫_20008_0.550739.jpg
545	0.000000	0/胡瑞昌3_20004_0.785671.jpg
112	0.000000	0/张晶鑫_20004_0.665738.jpg
819	1.000000	1/张熠2_20004_0.831851.jpg
519	0.000000	0/胡瑞昌2_20004_0.950789.jpg
443	0.000000	0/王存高_20005_0.728913.jpg
358	0.000000	0/洪柏祥1_40003_0.824572.jpg
749	1.000000	1/俞维龙1_20009_0.66856.jpg
804	1.000000	1/张晶鑫_20005_0.551753.jpg
357	0.000000	0/洪柏祥1_40003_0.752541.jpg
931	1.000000	1/胡瑞昌1_10009_0.557034.jpg
941	1.000000	1/胡瑞昌3_20003_0.635961.jpg
298	0.000000	0/朱水珍_40006_0.713085.jpg
